Using pre-set license
Built from '2020.3/staging' branch; Version is '2020.3.10f1 (297d780c91bc) revision 2719096'; Using compiler version '192528614'; Build Type 'Release'
OS: 'Windows 10 Home; OS build 19041.985; Version 2004; 64bit' Language: 'en' Physical Memory: 16217 MB
BatchMode: 1, IsHumanControllingUs: 0, StartBugReporterOnCrash: 0, Is64bit: 1, IsPro: 0

 COMMAND LINE ARGUMENTS:
C:\Program Files\Unity\Hub\Editor\2020.3.10f1\Editor\Unity.exe
-adb2
-batchMode
-noUpm
-name
AssetImportWorker0
-projectPath
C:/Users/kfw2/Unity Projects/RageChess
-logFile
Logs/AssetImportWorker0.log
-srvPort
50521
Successfully changed project path to: C:/Users/kfw2/Unity Projects/RageChess
C:/Users/kfw2/Unity Projects/RageChess
Using Asset Import Pipeline V2.
Refreshing native plugins compatible for Editor in 162.62 ms, found 10 plugins.
Preloading 1 native plugins for Editor in 3.65 ms.
Initialize engine version: 2020.3.10f1 (297d780c91bc)
[Subsystems] Discovering subsystems at path C:/Program Files/Unity/Hub/Editor/2020.3.10f1/Editor/Data/Resources/UnitySubsystems
[Subsystems] Discovering subsystems at path C:/Users/kfw2/Unity Projects/RageChess/Assets
GfxDevice: creating device client; threaded=0
Direct3D:
    Version:  Direct3D 11.0 [level 11.1]
    Renderer: Intel(R) HD Graphics 620 (ID=0x5916)
    Vendor:   
    VRAM:     8108 MB
    Driver:   23.20.16.4973
Initialize mono
Mono path[0] = 'C:/Program Files/Unity/Hub/Editor/2020.3.10f1/Editor/Data/Managed'
Mono path[1] = 'C:/Program Files/Unity/Hub/Editor/2020.3.10f1/Editor/Data/MonoBleedingEdge/lib/mono/unityjit'
Mono config path = 'C:/Program Files/Unity/Hub/Editor/2020.3.10f1/Editor/Data/MonoBleedingEdge/etc'
Using monoOptions --debugger-agent=transport=dt_socket,embedding=1,server=y,suspend=n,address=127.0.0.1:56532
Begin MonoManager ReloadAssembly
Registering precompiled unity dll's ...
Register platform support module: C:/Program Files/Unity/Hub/Editor/2020.3.10f1/Editor/Data/PlaybackEngines/WindowsStandaloneSupport/UnityEditor.WindowsStandalone.Extensions.dll
Registered in 0.005091 seconds.
Native extension for WindowsStandalone target not found
Refreshing native plugins compatible for Editor in 119.28 ms, found 10 plugins.
Preloading 1 native plugins for Editor in 0.15 ms.
Mono: successfully reloaded assembly
- Completed reload, in  4.841 seconds
Platform modules already initialized, skipping
Registering precompiled user dll's ...
Registered in 0.033548 seconds.
Begin MonoManager ReloadAssembly
Native extension for WindowsStandalone target not found
Refreshing native plugins compatible for Editor in 57.66 ms, found 10 plugins.
Preloading 1 native plugins for Editor in 0.12 ms.
[XR] OculusXRPlugin: registering subsystems
[XR] Unable to register display lifecyle provider: [1]
[XR] Oculus Input lifecycle provider registered.
[XR] Unable to register input lifecyle provider: [1]
NullReferenceException: Object reference not set to an instance of an object
  at Unity.XR.Oculus.OculusLoader.AssetPathToAbsolutePath (System.String assetPath) [0x00048] in C:\Users\kfw2\Unity Projects\RageChess\Library\PackageCache\com.unity.xr.oculus@1.9.1\Runtime\OculusLoader.cs:249 
  at Unity.XR.Oculus.OculusLoader.EditorLoadOVRPlugin () [0x0007b] in C:\Users\kfw2\Unity Projects\RageChess\Library\PackageCache\com.unity.xr.oculus@1.9.1\Runtime\OculusLoader.cs:234 

(Filename: Library/PackageCache/com.unity.xr.oculus@1.9.1/Runtime/OculusLoader.cs Line: 249)

Mono: successfully reloaded assembly
- Completed reload, in  1.838 seconds
Platform modules already initialized, skipping
========================================================================
Worker process is ready to serve import requests
Launched and connected shader compiler UnityShaderCompiler.exe after 0.07 seconds
Refreshing native plugins compatible for Editor in 0.74 ms, found 10 plugins.
Preloading 1 native plugins for Editor in 0.11 ms.
Unloading 2262 Unused Serialized files (Serialized files now loaded: 0)
System memory in use before: 101.2 MB.
System memory in use after: 101.2 MB.

Unloading 43 unused Assets to reduce memory usage. Loaded Objects now: 2695.
Total: 4.163100 ms (FindLiveObjects: 0.371400 ms CreateObjectMapping: 0.175400 ms MarkObjects: 3.523900 ms  DeleteObjects: 0.090300 ms)

========================================================================
Received Import Request.
  path: Assets/All Packages Demo/Skybox Pack 8k UHD/Textures/Sky_001.hdr
  artifactKey: Guid(917a1c69af1357d42a72875e0d75e075) Importer(815301076,1909f56bfc062723c751e8b465ee728b)
Start importing Assets/All Packages Demo/Skybox Pack 8k UHD/Textures/Sky_001.hdr using Guid(917a1c69af1357d42a72875e0d75e075) Importer(815301076,1909f56bfc062723c751e8b465ee728b)  -> (artifact id: '8b3142dd8215f687f1b24ccef3d2fcbc') in 0.288046 seconds
  Import took 0.297859 seconds .

========================================================================
Received Import Request.
  Time since last request: 0.000291 seconds.
  path: Assets/All Packages Demo/Skybox Pack 8k UHD/Textures/Sky_002.hdr
  artifactKey: Guid(69f82bc1830eb5d499c0671e3ff2c44a) Importer(815301076,1909f56bfc062723c751e8b465ee728b)
Start importing Assets/All Packages Demo/Skybox Pack 8k UHD/Textures/Sky_002.hdr using Guid(69f82bc1830eb5d499c0671e3ff2c44a) Importer(815301076,1909f56bfc062723c751e8b465ee728b)  -> (artifact id: '8df7aa42f51e6c53faf7e5f45d696204') in 0.163099 seconds
  Import took 0.178727 seconds .

========================================================================
Received Import Request.
  Time since last request: 417.414505 seconds.
  path: Assets/Photon/PhotonUnityNetworking/Demos/DemoSlotRacer/Kenney Assets/Stylized city/Materials/windows_2.mat
  artifactKey: Guid(db1318ffb13bfef419a8dad09473425d) Importer(815301076,1909f56bfc062723c751e8b465ee728b)
Start importing Assets/Photon/PhotonUnityNetworking/Demos/DemoSlotRacer/Kenney Assets/Stylized city/Materials/windows_2.mat using Guid(db1318ffb13bfef419a8dad09473425d) Importer(815301076,1909f56bfc062723c751e8b465ee728b)  -> (artifact id: '29ff05cdd98cf56ae51ac3c44a8744ec') in 0.039422 seconds
  Import took 0.045776 seconds .

========================================================================
Received Import Request.
  Time since last request: 0.000227 seconds.
  path: Assets/Photon/PhotonUnityNetworking/Demos/DemoProcedural/Materials/Yellow.mat
  artifactKey: Guid(90623549d4482f042ade35d8a0758e35) Importer(815301076,1909f56bfc062723c751e8b465ee728b)
Start importing Assets/Photon/PhotonUnityNetworking/Demos/DemoProcedural/Materials/Yellow.mat using Guid(90623549d4482f042ade35d8a0758e35) Importer(815301076,1909f56bfc062723c751e8b465ee728b)  -> (artifact id: '5bcb916d76ce4f30e44e1592d61ce11b') in 0.016489 seconds
  Import took 0.020393 seconds .

========================================================================
Received Import Request.
  Time since last request: 0.000251 seconds.
  path: Assets/Photon/PhotonUnityNetworking/Demos/DemoSlotRacer/Kenney Assets/Stylized city/Materials/windows_2.mat
  artifactKey: Guid(db1318ffb13bfef419a8dad09473425d) Importer(815301076,1909f56bfc062723c751e8b465ee728b)
Start importing Assets/Photon/PhotonUnityNetworking/Demos/DemoSlotRacer/Kenney Assets/Stylized city/Materials/windows_2.mat using Guid(db1318ffb13bfef419a8dad09473425d) Importer(815301076,1909f56bfc062723c751e8b465ee728b)  -> (artifact id: '29ff05cdd98cf56ae51ac3c44a8744ec') in 0.009398 seconds
  Import took 0.013018 seconds .

========================================================================
Received Import Request.
  Time since last request: 0.072028 seconds.
  path: Assets/Photon/PhotonUnityNetworking/Demos/DemoProcedural/Materials/Yellow.mat
  artifactKey: Guid(90623549d4482f042ade35d8a0758e35) Importer(815301076,1909f56bfc062723c751e8b465ee728b)
Start importing Assets/Photon/PhotonUnityNetworking/Demos/DemoProcedural/Materials/Yellow.mat using Guid(90623549d4482f042ade35d8a0758e35) Importer(815301076,1909f56bfc062723c751e8b465ee728b)  -> (artifact id: '5bcb916d76ce4f30e44e1592d61ce11b') in 0.040508 seconds
  Import took 0.047654 seconds .

========================================================================
Received Import Request.
  Time since last request: 2.638074 seconds.
  path: Assets/Photon/PhotonUnityNetworking/Demos/DemoAsteroids/Materials/WhiteSmooth.mat
  artifactKey: Guid(b05171e12835ff84fb155f51d69d7c31) Importer(815301076,1909f56bfc062723c751e8b465ee728b)
Start importing Assets/Photon/PhotonUnityNetworking/Demos/DemoAsteroids/Materials/WhiteSmooth.mat using Guid(b05171e12835ff84fb155f51d69d7c31) Importer(815301076,1909f56bfc062723c751e8b465ee728b)  -> (artifact id: '058117dfa64d2e444202d65effa8b045') in 0.188083 seconds
  Import took 0.194808 seconds .

========================================================================
Received Import Request.
  Time since last request: 0.000246 seconds.
  path: Assets/Photon/PhotonUnityNetworking/Demos/DemoAsteroids/Materials/WhiteUnlit.mat
  artifactKey: Guid(073b1ee561def20429e655b5c8893ad4) Importer(815301076,1909f56bfc062723c751e8b465ee728b)
Start importing Assets/Photon/PhotonUnityNetworking/Demos/DemoAsteroids/Materials/WhiteUnlit.mat using Guid(073b1ee561def20429e655b5c8893ad4) Importer(815301076,1909f56bfc062723c751e8b465ee728b)  -> (artifact id: '05b323d6a4d4a4060251143a53e0f977') in 0.059897 seconds
  Import took 0.064914 seconds .

========================================================================
Received Import Request.
  Time since last request: 0.193841 seconds.
  path: Assets/MASH Virtual/Assets/Material/Walls.mat
  artifactKey: Guid(3004f05b13f291c49831b57089640c63) Importer(815301076,1909f56bfc062723c751e8b465ee728b)
Start importing Assets/MASH Virtual/Assets/Material/Walls.mat using Guid(3004f05b13f291c49831b57089640c63) Importer(815301076,1909f56bfc062723c751e8b465ee728b)  -> (artifact id: 'd6e74d8e0dd96aff872897074fafb1c7') in 0.013426 seconds
  Import took 0.019061 seconds .

========================================================================
Received Import Request.
  Time since last request: 0.000247 seconds.
  path: Assets/Photon/PhotonUnityNetworking/Demos/DemoSlotRacer/Kenney Assets/Racing Kit/Models/Materials/white.mat
  artifactKey: Guid(db16216c3f288ea4eb77dfefecada55a) Importer(815301076,1909f56bfc062723c751e8b465ee728b)
Start importing Assets/Photon/PhotonUnityNetworking/Demos/DemoSlotRacer/Kenney Assets/Racing Kit/Models/Materials/white.mat using Guid(db16216c3f288ea4eb77dfefecada55a) Importer(815301076,1909f56bfc062723c751e8b465ee728b)  -> (artifact id: '239bbf00820124e85810a0b55e3fcc6f') in 0.013163 seconds
  Import took 0.017359 seconds .

========================================================================
Received Import Request.
  Time since last request: 0.388886 seconds.
  path: Assets/Photon/PhotonUnityNetworking/Demos/PunBasics-Tutorial/Materials/UnitTextureYellow12x.mat
  artifactKey: Guid(ceba02e8dfaf34474b36fe43b51b69db) Importer(815301076,1909f56bfc062723c751e8b465ee728b)
Start importing Assets/Photon/PhotonUnityNetworking/Demos/PunBasics-Tutorial/Materials/UnitTextureYellow12x.mat using Guid(ceba02e8dfaf34474b36fe43b51b69db) Importer(815301076,1909f56bfc062723c751e8b465ee728b)  -> (artifact id: '89630f5b5ab708baf04e913df8bc3f81') in 0.011813 seconds
  Import took 0.019093 seconds .

========================================================================
Received Import Request.
  Time since last request: 0.000231 seconds.
  path: Assets/Photon/PhotonUnityNetworking/Demos/DemoSlotRacer/Kenney Assets/Racing Kit/Models/Materials/wall.mat
  artifactKey: Guid(b5e9e0cb388c83440adfb6c0c023ee8b) Importer(815301076,1909f56bfc062723c751e8b465ee728b)
Start importing Assets/Photon/PhotonUnityNetworking/Demos/DemoSlotRacer/Kenney Assets/Racing Kit/Models/Materials/wall.mat using Guid(b5e9e0cb388c83440adfb6c0c023ee8b) Importer(815301076,1909f56bfc062723c751e8b465ee728b)  -> (artifact id: 'f8d64c68fffbc31638ea610776e69d5e') in 0.012971 seconds
  Import took 0.017945 seconds .

========================================================================
Received Import Request.
  Time since last request: 3.239073 seconds.
  path: Assets/MASH Virtual/Assets/Mesh/Table.fbx
  artifactKey: Guid(08d5439121a07f544bdaaa816bb04c47) Importer(815301076,1909f56bfc062723c751e8b465ee728b)
Start importing Assets/MASH Virtual/Assets/Mesh/Table.fbx using Guid(08d5439121a07f544bdaaa816bb04c47) Importer(815301076,1909f56bfc062723c751e8b465ee728b)  -> (artifact id: '6647a822ea12e745130c159a33c80de6') in 0.148840 seconds
  Import took 0.156412 seconds .

========================================================================
Received Import Request.
  Time since last request: 0.000254 seconds.
  path: Assets/MASH Virtual/Assets/Material/Table New Mat.mat
  artifactKey: Guid(49f2633e52a7cd94ca090388a0d0e87c) Importer(815301076,1909f56bfc062723c751e8b465ee728b)
Start importing Assets/MASH Virtual/Assets/Material/Table New Mat.mat using Guid(49f2633e52a7cd94ca090388a0d0e87c) Importer(815301076,1909f56bfc062723c751e8b465ee728b)  -> (artifact id: '67425c9571e860735887aee1152f6c8e') in 0.222157 seconds
  Import took 0.228189 seconds .

========================================================================
Received Import Request.
  Time since last request: 0.000271 seconds.
  path: Assets/MASH Virtual/Assets/Material/Table Old Mat.mat
  artifactKey: Guid(2e2e287d72d1c4f44b3cb5433a9abe62) Importer(815301076,1909f56bfc062723c751e8b465ee728b)
Start importing Assets/MASH Virtual/Assets/Material/Table Old Mat.mat using Guid(2e2e287d72d1c4f44b3cb5433a9abe62) Importer(815301076,1909f56bfc062723c751e8b465ee728b)  -> (artifact id: '297019ae201689bbe703d94383a89a7d') in 0.012426 seconds
  Import took 0.016616 seconds .

========================================================================
Received Import Request.
  Time since last request: 0.000244 seconds.
  path: Assets/HDRPFurniturePack/Succulent_Planter/Materials/Succulent_Planter_Ceramic_Porcelain_white_glossy.mat
  artifactKey: Guid(1d38fccf64add7749a78e89dc039ff97) Importer(815301076,1909f56bfc062723c751e8b465ee728b)
Start importing Assets/HDRPFurniturePack/Succulent_Planter/Materials/Succulent_Planter_Ceramic_Porcelain_white_glossy.mat using Guid(1d38fccf64add7749a78e89dc039ff97) Importer(815301076,1909f56bfc062723c751e8b465ee728b)  -> (artifact id: 'eb9dc9d3f9ce9a35f490c53d5672a06c') in 0.014517 seconds
  Import took 0.019559 seconds .

========================================================================
Received Import Request.
  Time since last request: 0.430497 seconds.
  path: Assets/HDRPFurniturePack/Succulent_Planter/Materials/Succulent_Planter_Ceramic_AO.mat
  artifactKey: Guid(59ba4ef24933ea042b402bb03a73ce42) Importer(815301076,1909f56bfc062723c751e8b465ee728b)
Start importing Assets/HDRPFurniturePack/Succulent_Planter/Materials/Succulent_Planter_Ceramic_AO.mat using Guid(59ba4ef24933ea042b402bb03a73ce42) Importer(815301076,1909f56bfc062723c751e8b465ee728b)  -> (artifact id: 'c4536a7bce7844bd14e169d01c56a235') in 0.020276 seconds
  Import took 0.026290 seconds .

========================================================================
Received Import Request.
  Time since last request: 0.000280 seconds.
  path: Assets/HDRPFurniturePack/Succulent_Planter/Materials/Succulent_Planter_Ceramic_Plants.mat
  artifactKey: Guid(1cc745d385689fc49a7ebce852377cfc) Importer(815301076,1909f56bfc062723c751e8b465ee728b)
Start importing Assets/HDRPFurniturePack/Succulent_Planter/Materials/Succulent_Planter_Ceramic_Plants.mat using Guid(1cc745d385689fc49a7ebce852377cfc) Importer(815301076,1909f56bfc062723c751e8b465ee728b)  -> (artifact id: '7491246dd0908e88c41b314cc7d2307d') in 0.013286 seconds
  Import took 0.018292 seconds .

========================================================================
Received Import Request.
  Time since last request: 0.452242 seconds.
  path: Assets/HDRPFurniturePack/Succulent_Planter/Materials/Succulent_Leaves.mat
  artifactKey: Guid(3eafa54f26119c94db05b1e359819e3c) Importer(815301076,1909f56bfc062723c751e8b465ee728b)
Start importing Assets/HDRPFurniturePack/Succulent_Planter/Materials/Succulent_Leaves.mat using Guid(3eafa54f26119c94db05b1e359819e3c) Importer(815301076,1909f56bfc062723c751e8b465ee728b)  -> (artifact id: 'c4a1337671cb158c048e01a6102d96d8') in 0.018439 seconds
  Import took 0.025711 seconds .

========================================================================
Received Import Request.
  Time since last request: 0.116111 seconds.
  path: Assets/All Packages Demo/Skybox Pack 8k UHD/Materials/Sky_002.mat
  artifactKey: Guid(6aac568ebf8b44c448ae2317cc3f7c3d) Importer(815301076,1909f56bfc062723c751e8b465ee728b)
Start importing Assets/All Packages Demo/Skybox Pack 8k UHD/Materials/Sky_002.mat using Guid(6aac568ebf8b44c448ae2317cc3f7c3d) Importer(815301076,1909f56bfc062723c751e8b465ee728b)  -> (artifact id: '3cb766ad99f6228578360e3692803b27') in 0.168297 seconds
  Import took 0.183241 seconds .

========================================================================
Received Import Request.
  Time since last request: 0.335041 seconds.
  path: Assets/8K Skybox Pack Free/Skyboxes/Material/sky-1.mat
  artifactKey: Guid(c8e304140c860744783e1aa250535791) Importer(815301076,1909f56bfc062723c751e8b465ee728b)
Start importing Assets/8K Skybox Pack Free/Skyboxes/Material/sky-1.mat using Guid(c8e304140c860744783e1aa250535791) Importer(815301076,1909f56bfc062723c751e8b465ee728b)  -> (artifact id: 'a3c57370f7e8a5d8b991d053b02e9227') in 1.139339 seconds
  Import took 1.153056 seconds .

========================================================================
Received Import Request.
  Time since last request: 0.000454 seconds.
  path: Assets/MASH Virtual/Assets/Material/Sci Fi Doors Mat.mat
  artifactKey: Guid(7474aa6baee1fc84ea7882a1a652b09c) Importer(815301076,1909f56bfc062723c751e8b465ee728b)
Start importing Assets/MASH Virtual/Assets/Material/Sci Fi Doors Mat.mat using Guid(7474aa6baee1fc84ea7882a1a652b09c) Importer(815301076,1909f56bfc062723c751e8b465ee728b)  -> (artifact id: '44db6beed7db0309634538e205ccc40e') in 0.561535 seconds
  Import took 0.569161 seconds .

========================================================================
Received Import Request.
  Time since last request: 0.000277 seconds.
  path: Assets/All Packages Demo/Skybox Pack 8k UHD/Materials/Polished Chrome.mat
  artifactKey: Guid(54672eb36ba3ba5459eba7ca69ae4441) Importer(815301076,1909f56bfc062723c751e8b465ee728b)
Start importing Assets/All Packages Demo/Skybox Pack 8k UHD/Materials/Polished Chrome.mat using Guid(54672eb36ba3ba5459eba7ca69ae4441) Importer(815301076,1909f56bfc062723c751e8b465ee728b)  -> (artifact id: '0a8c395b1448ba0acfe1f278da39b511') in 0.013809 seconds
  Import took 0.018882 seconds .

========================================================================
Received Import Request.
  Time since last request: 0.000298 seconds.
  path: Assets/HDRPFurniturePack/Plant_Potted_Monstera_Deliciosa/Materials/Plant_Potted_Monstera_Deliciosa_Leaves.mat
  artifactKey: Guid(e82d28b261152db43b283d8d2ed034f0) Importer(815301076,1909f56bfc062723c751e8b465ee728b)
Start importing Assets/HDRPFurniturePack/Plant_Potted_Monstera_Deliciosa/Materials/Plant_Potted_Monstera_Deliciosa_Leaves.mat using Guid(e82d28b261152db43b283d8d2ed034f0) Importer(815301076,1909f56bfc062723c751e8b465ee728b)  -> (artifact id: '59a12c0b2e9503022b03b23fda8dd9f4') in 0.014219 seconds
  Import took 0.020208 seconds .

========================================================================
Received Import Request.
  Time since last request: 0.000309 seconds.
  path: Assets/8K Skybox Pack Free/Skyboxes/Material/sky-3.mat
  artifactKey: Guid(23002981675cee84bbbebf0794b85ea2) Importer(815301076,1909f56bfc062723c751e8b465ee728b)
Start importing Assets/8K Skybox Pack Free/Skyboxes/Material/sky-3.mat using Guid(23002981675cee84bbbebf0794b85ea2) Importer(815301076,1909f56bfc062723c751e8b465ee728b)  -> (artifact id: '83ad518bfb544c8b1f70acbfc3cbb471') in 1.382957 seconds
  Import took 1.393166 seconds .

========================================================================
Received Import Request.
  Time since last request: 0.000325 seconds.
  path: Assets/MASH Virtual/Assets/Texutre/Materials/Plane_phong1_AlbedoTransparency.mat
  artifactKey: Guid(73d1938bd11593c4a8fa7cd98fb2bb1c) Importer(815301076,1909f56bfc062723c751e8b465ee728b)
Start importing Assets/MASH Virtual/Assets/Texutre/Materials/Plane_phong1_AlbedoTransparency.mat using Guid(73d1938bd11593c4a8fa7cd98fb2bb1c) Importer(815301076,1909f56bfc062723c751e8b465ee728b)  -> (artifact id: '5db3d81c1ef0f4f4b43756a0b5730686') in 0.122406 seconds
  Import took 0.128377 seconds .

========================================================================
Received Import Request.
  Time since last request: 0.000336 seconds.
  path: Assets/MASH Virtual/Assets/Material/Plane.mat
  artifactKey: Guid(88db475fd13ccdf4ea08c4ca3594dcec) Importer(815301076,1909f56bfc062723c751e8b465ee728b)
Start importing Assets/MASH Virtual/Assets/Material/Plane.mat using Guid(88db475fd13ccdf4ea08c4ca3594dcec) Importer(815301076,1909f56bfc062723c751e8b465ee728b)  -> (artifact id: '9c1e919fa04b441028e10d1b6d8f9c3a') in 0.151127 seconds
  Import took 0.160315 seconds .

========================================================================
Received Import Request.
  Time since last request: 0.000334 seconds.
  path: Assets/HDRPFurniturePack/Plant_Potted_Monstera_Deliciosa/Materials/Plant_Monstera_Deliciosa.mat
  artifactKey: Guid(3e94e322c3017f04493357f334a5ec6a) Importer(815301076,1909f56bfc062723c751e8b465ee728b)
Start importing Assets/HDRPFurniturePack/Plant_Potted_Monstera_Deliciosa/Materials/Plant_Monstera_Deliciosa.mat using Guid(3e94e322c3017f04493357f334a5ec6a) Importer(815301076,1909f56bfc062723c751e8b465ee728b)  -> (artifact id: '5982eb9a3cf2dd8878a47f27d2406473') in 0.027259 seconds
  Import took 0.033429 seconds .

========================================================================
Received Import Request.
  Time since last request: 0.000334 seconds.
  path: Assets/MASH Virtual/Assets/Texutre/Materials/Parking_Table_Table_New_AlbedoTransparency.mat
  artifactKey: Guid(d6d3a1417f98b414292f49459a55ad27) Importer(815301076,1909f56bfc062723c751e8b465ee728b)
Start importing Assets/MASH Virtual/Assets/Texutre/Materials/Parking_Table_Table_New_AlbedoTransparency.mat using Guid(d6d3a1417f98b414292f49459a55ad27) Importer(815301076,1909f56bfc062723c751e8b465ee728b)  -> (artifact id: '989be0a1298386f586bb27c3f1dc9517') in 0.128387 seconds
  Import took 0.135226 seconds .

========================================================================
Received Import Request.
  Time since last request: 0.000343 seconds.
  path: Assets/MASH Virtual/Assets/Texutre/Materials/Plane_phong1_Normal.mat
  artifactKey: Guid(5313427221f9f0940a83b7fe982f43b5) Importer(815301076,1909f56bfc062723c751e8b465ee728b)
Start importing Assets/MASH Virtual/Assets/Texutre/Materials/Plane_phong1_Normal.mat using Guid(5313427221f9f0940a83b7fe982f43b5) Importer(815301076,1909f56bfc062723c751e8b465ee728b)  -> (artifact id: '877b61a72ca71609ba9ffc08c7c29ade') in 0.051865 seconds
  Import took 0.061586 seconds .

========================================================================
Received Import Request.
  Time since last request: 0.000428 seconds.
  path: Assets/HDRPFurniturePack/Plant_Potted_Monstera_Deliciosa/Materials/Pot_Gravel_Monstera_Deliciosa.mat
  artifactKey: Guid(404ea89aafac6794ea3cef7316183417) Importer(815301076,1909f56bfc062723c751e8b465ee728b)
Start importing Assets/HDRPFurniturePack/Plant_Potted_Monstera_Deliciosa/Materials/Pot_Gravel_Monstera_Deliciosa.mat using Guid(404ea89aafac6794ea3cef7316183417) Importer(815301076,1909f56bfc062723c751e8b465ee728b)  -> (artifact id: 'd0dd9b32f1c59b6b80d943c6c138e41a') in 0.053392 seconds
  Import took 0.065892 seconds .

========================================================================
Received Import Request.
  Time since last request: 0.000329 seconds.
  path: Assets/MASH Virtual/Assets/Texutre/Materials/Plane_phong1_Normal.mat
  artifactKey: Guid(5313427221f9f0940a83b7fe982f43b5) Importer(815301076,1909f56bfc062723c751e8b465ee728b)
Start importing Assets/MASH Virtual/Assets/Texutre/Materials/Plane_phong1_Normal.mat using Guid(5313427221f9f0940a83b7fe982f43b5) Importer(815301076,1909f56bfc062723c751e8b465ee728b)  -> (artifact id: '877b61a72ca71609ba9ffc08c7c29ade') in 0.055471 seconds
  Import took 0.066303 seconds .

========================================================================
Received Import Request.
  Time since last request: 10.411734 seconds.
  path: Assets/TextMesh Pro/Resources/Fonts & Materials/LiberationSans SDF - Fallback.asset
  artifactKey: Guid(2e498d1c8094910479dc3e1b768306a4) Importer(815301076,1909f56bfc062723c751e8b465ee728b)
Start importing Assets/TextMesh Pro/Resources/Fonts & Materials/LiberationSans SDF - Fallback.asset using Guid(2e498d1c8094910479dc3e1b768306a4) Importer(815301076,1909f56bfc062723c751e8b465ee728b)  -> (artifact id: 'a0e96e5655d89081f8190c4f07637252') in 0.050709 seconds
  Import took 0.058655 seconds .

========================================================================
Received Import Request.
  Time since last request: 0.000279 seconds.
  path: Assets/TextMesh Pro/Resources/Fonts & Materials/LiberationSans SDF.asset
  artifactKey: Guid(8f586378b4e144a9851e7b34d9b748ee) Importer(815301076,1909f56bfc062723c751e8b465ee728b)
Start importing Assets/TextMesh Pro/Resources/Fonts & Materials/LiberationSans SDF.asset using Guid(8f586378b4e144a9851e7b34d9b748ee) Importer(815301076,1909f56bfc062723c751e8b465ee728b)  -> (artifact id: '744da191214e027537e9e22d2960c2f9') in 0.050769 seconds
  Import took 0.057702 seconds .

========================================================================
Received Prepare
Refreshing native plugins compatible for Editor in 52.17 ms, found 10 plugins.
Preloading 1 native plugins for Editor in 0.18 ms.
Unloading 32 Unused Serialized files (Serialized files now loaded: 0)
System memory in use before: 56.9 MB.
System memory in use after: 57.2 MB.

Unloading 32 unused Assets to reduce memory usage. Loaded Objects now: 2743.
Total: 7.099000 ms (FindLiveObjects: 0.545900 ms CreateObjectMapping: 0.205000 ms MarkObjects: 6.291700 ms  DeleteObjects: 0.053800 ms)

AssetImportWorkerClient::OnTransportError - code=2 error=End of file
