Using pre-set license

 COMMAND LINE ARGUMENTS:
/Users/veritas/Unity/2020.3.10f1/Unity.app/Contents/MacOS/Unity
-adb2
-batchMode
-noUpm
-name
AssetImportWorker0
-projectPath
/Users/veritas/RageChess
-logFile
Logs/AssetImportWorker0.log
-srvPort
65455
Successfully changed project path to: /Users/veritas/RageChess
/Users/veritas/RageChess
Using Asset Import Pipeline V2.
Refreshing native plugins compatible for Editor in 71.13 ms, found 2 plugins.
Preloading 0 native plugins for Editor in 0.00 ms.
Initialize engine version: 2020.3.10f1 (297d780c91bc)
[Subsystems] Discovering subsystems at path /Users/veritas/Unity/2020.3.10f1/Unity.app/Contents/Resources/UnitySubsystems
[Subsystems] Discovering subsystems at path /Users/veritas/RageChess/Assets
GfxDevice: creating device client; threaded=0
2021-06-02 16:41:16.708 Unity[9859:258930] Color LCD preferred device: AMD Radeon R9 M370X (high power)
2021-06-02 16:41:16.708 Unity[9859:258930] Metal devices available: 2
2021-06-02 16:41:16.708 Unity[9859:258930] 0: AMD Radeon R9 M370X (high power)
2021-06-02 16:41:16.708 Unity[9859:258930] 1: Intel Iris Pro Graphics (low power)
2021-06-02 16:41:16.709 Unity[9859:258930] Using device AMD Radeon R9 M370X (high power)
Initializing Metal device caps: AMD Radeon R9 M370X
Initialize mono
Mono path[0] = '/Users/veritas/Unity/2020.3.10f1/Unity.app/Contents/Managed'
Mono path[1] = '/Users/veritas/Unity/2020.3.10f1/Unity.app/Contents/MonoBleedingEdge/lib/mono/unityjit'
Mono config path = '/Users/veritas/Unity/2020.3.10f1/Unity.app/Contents/MonoBleedingEdge/etc'
Using monoOptions --debugger-agent=transport=dt_socket,embedding=1,server=y,suspend=n,address=127.0.0.1:56859
Begin MonoManager ReloadAssembly
Registering precompiled unity dll's ...
Register platform support module: /Users/veritas/Unity/2020.3.10f1/Unity.app/Contents/PlaybackEngines/MacStandaloneSupport/UnityEditor.OSXStandalone.Extensions.dll
Registered in 0.001833 seconds.
Native extension for OSXStandalone target not found
Refreshing native plugins compatible for Editor in 47.50 ms, found 2 plugins.
Preloading 0 native plugins for Editor in 0.00 ms.
Mono: successfully reloaded assembly
- Completed reload, in  4.384 seconds
Platform modules already initialized, skipping
Registering precompiled user dll's ...
Registered in 0.007696 seconds.
Begin MonoManager ReloadAssembly
Native extension for OSXStandalone target not found
Refreshing native plugins compatible for Editor in 47.08 ms, found 2 plugins.
Preloading 0 native plugins for Editor in 0.00 ms.
Mono: successfully reloaded assembly
- Completed reload, in  1.585 seconds
Platform modules already initialized, skipping
========================================================================
Worker process is ready to serve import requests
Launching external process: /Users/veritas/Unity/2020.3.10f1/Unity.app/Contents/Tools/UnityShaderCompiler
Launched and connected shader compiler UnityShaderCompiler after 0.01 seconds
Refreshing native plugins compatible for Editor in 0.86 ms, found 2 plugins.
Preloading 0 native plugins for Editor in 0.00 ms.
Unloading 2261 Unused Serialized files (Serialized files now loaded: 0)
System memory in use before: 182.8 MB.
System memory in use after: 182.9 MB.

Unloading 44 unused Assets to reduce memory usage. Loaded Objects now: 2688.
Total: 3.490471 ms (FindLiveObjects: 0.379744 ms CreateObjectMapping: 0.085763 ms MarkObjects: 2.902021 ms  DeleteObjects: 0.121745 ms)

========================================================================
Received Import Request.
  path: Assets/XRGrabNetworkInteractable.cs
  artifactKey: Guid(7788f786e78994449bbfaf44a24fab30) Importer(815301076,1909f56bfc062723c751e8b465ee728b)
Start importing Assets/XRGrabNetworkInteractable.cs using Guid(7788f786e78994449bbfaf44a24fab30) Importer(815301076,1909f56bfc062723c751e8b465ee728b)  -> (artifact id: '7c2b1ef8e3e6df65bc610a29d0f73e1a') in 0.360973 seconds
  Import took 0.365363 seconds .

========================================================================
Received Prepare
Registering precompiled user dll's ...
Registered in 0.008871 seconds.
Begin MonoManager ReloadAssembly
Native extension for OSXStandalone target not found
Refreshing native plugins compatible for Editor in 0.82 ms, found 2 plugins.
Preloading 0 native plugins for Editor in 0.00 ms.
Mono: successfully reloaded assembly
- Completed reload, in  1.434 seconds
Platform modules already initialized, skipping
Switching build target platform(2) subTarget(0) extendedPlatform(0) -> platform(13) subTarget(524288) extendedPlatform(0)
Refreshing native plugins compatible for Editor in 0.81 ms, found 2 plugins.
Preloading 0 native plugins for Editor in 0.00 ms.
Unloading 2226 Unused Serialized files (Serialized files now loaded: 0)
System memory in use before: 184.2 MB.
System memory in use after: 184.3 MB.

Unloading 36 unused Assets to reduce memory usage. Loaded Objects now: 2693.
Total: 2.550830 ms (FindLiveObjects: 0.260981 ms CreateObjectMapping: 0.082274 ms MarkObjects: 2.149010 ms  DeleteObjects: 0.057670 ms)

AssetImportParameters requested are different than current active one (requested -> active):
  custom:graphics/normal-map-encoding: 01000000000000000000000000000000 -> 02000000000000000000000000000000
========================================================================
Received Import Request.
  Time since last request: 113.397861 seconds.
  path: Assets/XRGrabNetworkInteractable.cs
  artifactKey: Guid(7788f786e78994449bbfaf44a24fab30) Importer(815301076,1909f56bfc062723c751e8b465ee728b)
Start importing Assets/XRGrabNetworkInteractable.cs using Guid(7788f786e78994449bbfaf44a24fab30) Importer(815301076,1909f56bfc062723c751e8b465ee728b)  -> (artifact id: 'c5fdf2b6d304ce7d2717dd520593e59b') in 0.005639 seconds
  Import took 0.009422 seconds .

========================================================================
Received Prepare
Refreshing native plugins compatible for Editor in 14.05 ms, found 2 plugins.
Preloading 0 native plugins for Editor in 0.00 ms.
Unloading 33 Unused Serialized files (Serialized files now loaded: 0)
System memory in use before: 142.2 MB.
System memory in use after: 142.3 MB.

Unloading 33 unused Assets to reduce memory usage. Loaded Objects now: 2693.
Total: 3.707084 ms (FindLiveObjects: 0.357292 ms CreateObjectMapping: 0.137500 ms MarkObjects: 3.101095 ms  DeleteObjects: 0.110243 ms)

========================================================================
Received Prepare
Refreshing native plugins compatible for Editor in 5.26 ms, found 2 plugins.
Preloading 0 native plugins for Editor in 0.00 ms.
Unloading 33 Unused Serialized files (Serialized files now loaded: 0)
System memory in use before: 142.3 MB.
System memory in use after: 142.4 MB.

Unloading 33 unused Assets to reduce memory usage. Loaded Objects now: 2693.
Total: 3.131047 ms (FindLiveObjects: 0.319377 ms CreateObjectMapping: 0.082151 ms MarkObjects: 2.658526 ms  DeleteObjects: 0.069948 ms)

